{"meta": {"format": 3, "version": "7.13.5", "timestamp": "2026-04-12T02:58:45.126494", "branch_coverage": false, "show_contexts": false}, "files": {"src/lmlm-audit/database_states.py": {"executed_lines": [1, 2, 3, 4, 6, 9, 16, 17, 18, 19, 22, 23, 24, 25, 26, 27, 28, 29, 30, 33, 34, 37, 38, 49, 50, 51, 66, 70, 71, 76, 81, 86, 87, 95, 96, 102, 103, 105, 106, 110, 111, 114, 120, 124, 130, 135, 139, 140, 141, 143, 146, 147, 149, 150, 153, 154, 160, 161, 162, 164, 165, 166, 167, 168, 170, 171, 173, 175, 176, 178, 182, 183, 184, 185, 186, 187, 188, 195, 210, 213, 225, 229, 230, 231, 236, 237, 243, 246, 247, 248, 249, 252, 253, 254, 255, 256, 258, 259, 262, 263, 265, 273, 274, 275, 277, 278, 279, 280, 281, 283, 285, 288, 292, 293, 296, 297, 299, 300, 301, 302, 303, 306], "summary": {"covered_lines": 122, "num_statements": 126, "percent_covered": 96.82539682539682, "percent_covered_display": "97", "missing_lines": 4, "excluded_lines": 0, "percent_statements_covered": 96.82539682539682, "percent_statements_covered_display": "97"}, "missing_lines": [142, 144, 172, 311], "excluded_lines": [], "functions": {"retrieval_enabled": {"executed_lines": [34], "summary": {"covered_lines": 1, "num_statements": 1, "percent_covered": 100.0, "percent_covered_display": "100", "missing_lines": 0, "excluded_lines": 0, "percent_statements_covered": 100.0, "percent_statements_covered_display": "100"}, "missing_lines": [], "excluded_lines": [], "start_line": 33}, "target_fact_from_prompt_row": {"executed_lines": [38], "summary": {"covered_lines": 1, "num_statements": 1, "percent_covered": 100.0, "percent_covered_display": "100", "missing_lines": 0, "excluded_lines": 0, "percent_statements_covered": 100.0, "percent_statements_covered_display": "100"}, "missing_lines": [], "excluded_lines": [], "start_line": 37}, "is_deleted_triplet": {"executed_lines": [50, 51], "summary": {"covered_lines": 2, "num_statements": 2, "percent_covered": 100.0, "percent_covered_display": "100", "missing_lines": 0, "excluded_lines": 0, "percent_statements_covered": 100.0, "percent_statements_covered_display": "100"}, "missing_lines": [], "excluded_lines": [], "start_line": 49}, "candidate_supports_target_fact": {"executed_lines": [70, 71, 76, 81, 86, 87], "summary": {"covered_lines": 6, "num_statements": 6, "percent_covered": 100.0, "percent_covered_display": "100", "missing_lines": 0, "excluded_lines": 0, "percent_statements_covered": 100.0, "percent_statements_covered_display": "100"}, "missing_lines": [], "excluded_lines": [], "start_line": 66}, "extract_lookup_query": {"executed_lines": [96, 102, 103, 105, 106, 110, 111], "summary": {"covered_lines": 7, "num_statements": 7, "percent_covered": 100.0, "percent_covered_display": "100", "missing_lines": 0, "excluded_lines": 0, "percent_statements_covered": 100.0, "percent_statements_covered_display": "100"}, "missing_lines": [], "excluded_lines": [], "start_line": 95}, "retrieve_triplet_candidates": {"executed_lines": [120, 124, 130, 135, 139, 140, 141, 143, 146, 147, 149, 150], "summary": {"covered_lines": 12, "num_statements": 14, "percent_covered": 85.71428571428571, "percent_covered_display": "86", "missing_lines": 2, "excluded_lines": 0, "percent_statements_covered": 85.71428571428571, "percent_statements_covered_display": "86"}, "missing_lines": [142, 144], "excluded_lines": [], "start_line": 114}, "AuditDatabaseManager.__init__": {"executed_lines": [160, 161, 162, 164, 165, 166, 167, 168], "summary": {"covered_lines": 8, "num_statements": 8, "percent_covered": 100.0, "percent_covered_display": "100", "missing_lines": 0, "excluded_lines": 0, "percent_statements_covered": 100.0, "percent_statements_covered_display": "100"}, "missing_lines": [], "excluded_lines": [], "start_line": 154}, "AuditDatabaseManager.init_topk_retriever": {"executed_lines": [171, 173], "summary": {"covered_lines": 2, "num_statements": 3, "percent_covered": 66.66666666666667, "percent_covered_display": "67", "missing_lines": 1, "excluded_lines": 0, "percent_statements_covered": 66.66666666666667, "percent_statements_covered_display": "67"}, "missing_lines": [172], "excluded_lines": [], "start_line": 170}, "AuditDatabaseManager.reset_trace": {"executed_lines": [176], "summary": {"covered_lines": 1, "num_statements": 1, "percent_covered": 100.0, "percent_covered_display": "100", "missing_lines": 0, "excluded_lines": 0, "percent_statements_covered": 100.0, "percent_statements_covered_display": "100"}, "missing_lines": [], "excluded_lines": [], "start_line": 175}, "AuditDatabaseManager._candidate_trace_entry": {"executed_lines": [182, 183, 184, 185, 186, 187, 188, 195], "summary": {"covered_lines": 8, "num_statements": 8, "percent_covered": 100.0, "percent_covered_display": "100", "missing_lines": 0, "excluded_lines": 0, "percent_statements_covered": 100.0, "percent_statements_covered_display": "100"}, "missing_lines": [], "excluded_lines": [], "start_line": 178}, "AuditDatabaseManager.retrieve_from_database": {"executed_lines": [213, 225, 229, 230, 231, 236, 237, 243, 246, 247, 248, 249, 252, 253, 254, 255, 256, 258, 259, 262, 263, 265, 273, 274, 275, 277, 278, 279, 280, 281, 283, 285, 288, 292, 293, 296, 297, 299, 300, 301, 302, 303], "summary": {"covered_lines": 42, "num_statements": 42, "percent_covered": 100.0, "percent_covered_display": "100", "missing_lines": 0, "excluded_lines": 0, "percent_statements_covered": 100.0, "percent_statements_covered_display": "100"}, "missing_lines": [], "excluded_lines": [], "start_line": 210}, "build_state_db_manager": {"executed_lines": [], "summary": {"covered_lines": 0, "num_statements": 1, "percent_covered": 0.0, "percent_covered_display": "0", "missing_lines": 1, "excluded_lines": 0, "percent_statements_covered": 0.0, "percent_statements_covered_display": "0"}, "missing_lines": [311], "excluded_lines": [], "start_line": 306}, "": {"executed_lines": [1, 2, 3, 4, 6, 9, 16, 17, 18, 19, 22, 23, 24, 25, 26, 27, 28, 29, 30, 33, 37, 49, 66, 95, 114, 153, 154, 170, 175, 178, 210, 306], "summary": {"covered_lines": 32, "num_statements": 32, "percent_covered": 100.0, "percent_covered_display": "100", "missing_lines": 0, "excluded_lines": 0, "percent_statements_covered": 100.0, "percent_statements_covered_display": "100"}, "missing_lines": [], "excluded_lines": [], "start_line": 1}}, "classes": {"DatabaseState": {"executed_lines": [], "summary": {"covered_lines": 0, "num_statements": 0, "percent_covered": 100.0, "percent_covered_display": "100", "missing_lines": 0, "excluded_lines": 0, "percent_statements_covered": 100.0, "percent_statements_covered_display": "100"}, "missing_lines": [], "excluded_lines": [], "start_line": 16}, "TargetFact": {"executed_lines": [], "summary": {"covered_lines": 0, "num_statements": 0, "percent_covered": 100.0, "percent_covered_display": "100", "missing_lines": 0, "excluded_lines": 0, "percent_statements_covered": 100.0, "percent_statements_covered_display": "100"}, "missing_lines": [], "excluded_lines": [], "start_line": 23}, "AuditDatabaseManager": {"executed_lines": [160, 161, 162, 164, 165, 166, 167, 168, 171, 173, 176, 182, 183, 184, 185, 186, 187, 188, 195, 213, 225, 229, 230, 231, 236, 237, 243, 246, 247, 248, 249, 252, 253, 254, 255, 256, 258, 259, 262, 263, 265, 273, 274, 275, 277, 278, 279, 280, 281, 283, 285, 288, 292, 293, 296, 297, 299, 300, 301, 302, 303], "summary": {"covered_lines": 61, "num_statements": 62, "percent_covered": 98.38709677419355, "percent_covered_display": "98", "missing_lines": 1, "excluded_lines": 0, "percent_statements_covered": 98.38709677419355, "percent_statements_covered_display": "98"}, "missing_lines": [172], "excluded_lines": [], "start_line": 153}, "": {"executed_lines": [1, 2, 3, 4, 6, 9, 16, 17, 18, 19, 22, 23, 24, 25, 26, 27, 28, 29, 30, 33, 34, 37, 38, 49, 50, 51, 66, 70, 71, 76, 81, 86, 87, 95, 96, 102, 103, 105, 106, 110, 111, 114, 120, 124, 130, 135, 139, 140, 141, 143, 146, 147, 149, 150, 153, 154, 170, 175, 178, 210, 306], "summary": {"covered_lines": 61, "num_statements": 64, "percent_covered": 95.3125, "percent_covered_display": "95", "missing_lines": 3, "excluded_lines": 0, "percent_statements_covered": 95.3125, "percent_statements_covered_display": "95"}, "missing_lines": [142, 144, 311], "excluded_lines": [], "start_line": 1}}}, "src/lmlm-audit/equivalence.py": {"executed_lines": [1, 2, 5, 7, 14, 15, 18, 19, 22, 23, 24, 26, 27, 29, 30, 31, 32, 33, 35, 38, 39, 40, 41, 42, 43, 44, 45, 46, 47, 50, 51, 54, 55, 64, 70, 71, 73, 74, 75], "summary": {"covered_lines": 39, "num_statements": 39, "percent_covered": 100.0, "percent_covered_display": "100", "missing_lines": 0, "excluded_lines": 0, "percent_statements_covered": 100.0, "percent_statements_covered_display": "100"}, "missing_lines": [], "excluded_lines": [], "functions": {"tokenize": {"executed_lines": [15], "summary": {"covered_lines": 1, "num_statements": 1, "percent_covered": 100.0, "percent_covered_display": "100", "missing_lines": 0, "excluded_lines": 0, "percent_statements_covered": 100.0, "percent_statements_covered_display": "100"}, "missing_lines": [], "excluded_lines": [], "start_line": 14}, "normalize_text": {"executed_lines": [19], "summary": {"covered_lines": 1, "num_statements": 1, "percent_covered": 100.0, "percent_covered_display": "100", "missing_lines": 0, "excluded_lines": 0, "percent_statements_covered": 100.0, "percent_statements_covered_display": "100"}, "missing_lines": [], "excluded_lines": [], "start_line": 18}, "_flatten_alias_values": {"executed_lines": [23, 24, 26, 27, 29, 30, 31, 32, 33, 35], "summary": {"covered_lines": 10, "num_statements": 10, "percent_covered": 100.0, "percent_covered_display": "100", "missing_lines": 0, "excluded_lines": 0, "percent_statements_covered": 100.0, "percent_statements_covered_display": "100"}, "missing_lines": [], "excluded_lines": [], "start_line": 22}, "_unique_preserving_order": {"executed_lines": [39, 40, 41, 42, 43, 44, 45, 46, 47], "summary": {"covered_lines": 9, "num_statements": 9, "percent_covered": 100.0, "percent_covered_display": "100", "missing_lines": 0, "excluded_lines": 0, "percent_statements_covered": 100.0, "percent_statements_covered_display": "100"}, "missing_lines": [], "excluded_lines": [], "start_line": 38}, "build_alias_set": {"executed_lines": [51], "summary": {"covered_lines": 1, "num_statements": 1, "percent_covered": 100.0, "percent_covered_display": "100", "missing_lines": 0, "excluded_lines": 0, "percent_statements_covered": 100.0, "percent_statements_covered_display": "100"}, "missing_lines": [], "excluded_lines": [], "start_line": 50}, "prompt_row_aliases": {"executed_lines": [55], "summary": {"covered_lines": 1, "num_statements": 1, "percent_covered": 100.0, "percent_covered_display": "100", "missing_lines": 0, "excluded_lines": 0, "percent_statements_covered": 100.0, "percent_statements_covered_display": "100"}, "missing_lines": [], "excluded_lines": [], "start_line": 54}, "values_equivalent": {"executed_lines": [70, 71, 73, 74, 75], "summary": {"covered_lines": 5, "num_statements": 5, "percent_covered": 100.0, "percent_covered_display": "100", "missing_lines": 0, "excluded_lines": 0, "percent_statements_covered": 100.0, "percent_statements_covered_display": "100"}, "missing_lines": [], "excluded_lines": [], "start_line": 64}, "": {"executed_lines": [1, 2, 5, 7, 14, 18, 22, 38, 50, 54, 64], "summary": {"covered_lines": 11, "num_statements": 11, "percent_covered": 100.0, "percent_covered_display": "100", "missing_lines": 0, "excluded_lines": 0, "percent_statements_covered": 100.0, "percent_statements_covered_display": "100"}, "missing_lines": [], "excluded_lines": [], "start_line": 1}}, "classes": {"": {"executed_lines": [1, 2, 5, 7, 14, 15, 18, 19, 22, 23, 24, 26, 27, 29, 30, 31, 32, 33, 35, 38, 39, 40, 41, 42, 43, 44, 45, 46, 47, 50, 51, 54, 55, 64, 70, 71, 73, 74, 75], "summary": {"covered_lines": 39, "num_statements": 39, "percent_covered": 100.0, "percent_covered_display": "100", "missing_lines": 0, "excluded_lines": 0, "percent_statements_covered": 100.0, "percent_statements_covered_display": "100"}, "missing_lines": [], "excluded_lines": [], "start_line": 1}}}, "src/lmlm-audit/metrics.py": {"executed_lines": [1, 2, 3, 5, 8, 11, 12, 15, 16, 19, 24, 33, 38, 39, 41, 42, 44, 45, 47, 48, 49, 51, 55, 57, 60, 61, 62, 73, 76, 81, 82, 84, 85, 87, 88, 90, 91, 93, 94, 95, 97, 98, 100, 101, 102, 104, 107, 112, 117, 133, 134, 137, 141, 142, 144, 145, 146, 151, 152, 155, 156, 159, 160, 163, 164, 167, 168, 171, 172, 175, 176, 179, 180, 187, 190, 191, 192, 193, 194, 197, 200, 201, 208, 209, 212, 213, 214, 215, 217, 218, 219, 220, 226, 229, 230, 231, 232, 234, 235, 236, 237, 239, 244, 250, 252, 255, 256, 257, 259, 260, 261, 263, 268, 273, 278, 279, 281, 284, 285, 286, 287, 289, 290, 291, 292, 297, 301, 304, 305], "summary": {"covered_lines": 129, "num_statements": 130, "percent_covered": 99.23076923076923, "percent_covered_display": "99", "missing_lines": 1, "excluded_lines": 0, "percent_statements_covered": 99.23076923076923, "percent_statements_covered_display": "99"}, "missing_lines": [50], "excluded_lines": [], "functions": {"tokenize": {"executed_lines": [12], "summary": {"covered_lines": 1, "num_statements": 1, "percent_covered": 100.0, "percent_covered_display": "100", "missing_lines": 0, "excluded_lines": 0, "percent_statements_covered": 100.0, "percent_statements_covered_display": "100"}, "missing_lines": [], "excluded_lines": [], "start_line": 11}, "normalize_answer": {"executed_lines": [16], "summary": {"covered_lines": 1, "num_statements": 1, "percent_covered": 100.0, "percent_covered_display": "100", "missing_lines": 0, "excluded_lines": 0, "percent_statements_covered": 100.0, "percent_statements_covered_display": "100"}, "missing_lines": [], "excluded_lines": [], "start_line": 15}, "exact_match": {"executed_lines": [24], "summary": {"covered_lines": 1, "num_statements": 1, "percent_covered": 100.0, "percent_covered_display": "100", "missing_lines": 0, "excluded_lines": 0, "percent_statements_covered": 100.0, "percent_statements_covered_display": "100"}, "missing_lines": [], "excluded_lines": [], "start_line": 19}, "contains_match": {"executed_lines": [38, 39, 41, 42, 44, 45, 47, 48, 49, 51, 55, 57], "summary": {"covered_lines": 12, "num_statements": 13, "percent_covered": 92.3076923076923, "percent_covered_display": "92", "missing_lines": 1, "excluded_lines": 0, "percent_statements_covered": 92.3076923076923, "percent_statements_covered_display": "92"}, "missing_lines": [50], "excluded_lines": [], "start_line": 33}, "is_unknown": {"executed_lines": [61, 62, 73], "summary": {"covered_lines": 3, "num_statements": 3, "percent_covered": 100.0, "percent_covered_display": "100", "missing_lines": 0, "excluded_lines": 0, "percent_statements_covered": 100.0, "percent_statements_covered_display": "100"}, "missing_lines": [], "excluded_lines": [], "start_line": 60}, "precision_recall_f1": {"executed_lines": [81, 82, 84, 85, 87, 88, 90, 91, 93, 94, 95, 97, 98, 100, 101, 102, 104], "summary": {"covered_lines": 17, "num_statements": 17, "percent_covered": 100.0, "percent_covered_display": "100", "missing_lines": 0, "excluded_lines": 0, "percent_statements_covered": 100.0, "percent_statements_covered_display": "100"}, "missing_lines": [], "excluded_lines": [], "start_line": 76}, "score_prediction": {"executed_lines": [112, 117], "summary": {"covered_lines": 2, "num_statements": 2, "percent_covered": 100.0, "percent_covered_display": "100", "missing_lines": 0, "excluded_lines": 0, "percent_statements_covered": 100.0, "percent_statements_covered_display": "100"}, "missing_lines": [], "excluded_lines": [], "start_line": 107}, "count": {"executed_lines": [134], "summary": {"covered_lines": 1, "num_statements": 1, "percent_covered": 100.0, "percent_covered_display": "100", "missing_lines": 0, "excluded_lines": 0, "percent_statements_covered": 100.0, "percent_statements_covered_display": "100"}, "missing_lines": [], "excluded_lines": [], "start_line": 133}, "_average_metric": {"executed_lines": [141, 142, 144, 145, 146, 151, 152], "summary": {"covered_lines": 7, "num_statements": 7, "percent_covered": 100.0, "percent_covered_display": "100", "missing_lines": 0, "excluded_lines": 0, "percent_statements_covered": 100.0, "percent_statements_covered_display": "100"}, "missing_lines": [], "excluded_lines": [], "start_line": 137}, "exact_match_rate": {"executed_lines": [156], "summary": {"covered_lines": 1, "num_statements": 1, "percent_covered": 100.0, "percent_covered_display": "100", "missing_lines": 0, "excluded_lines": 0, "percent_statements_covered": 100.0, "percent_statements_covered_display": "100"}, "missing_lines": [], "excluded_lines": [], "start_line": 155}, "contains_match_rate": {"executed_lines": [160], "summary": {"covered_lines": 1, "num_statements": 1, "percent_covered": 100.0, "percent_covered_display": "100", "missing_lines": 0, "excluded_lines": 0, "percent_statements_covered": 100.0, "percent_statements_covered_display": "100"}, "missing_lines": [], "excluded_lines": [], "start_line": 159}, "unknown_rate": {"executed_lines": [164], "summary": {"covered_lines": 1, "num_statements": 1, "percent_covered": 100.0, "percent_covered_display": "100", "missing_lines": 0, "excluded_lines": 0, "percent_statements_covered": 100.0, "percent_statements_covered_display": "100"}, "missing_lines": [], "excluded_lines": [], "start_line": 163}, "precision_rate": {"executed_lines": [168], "summary": {"covered_lines": 1, "num_statements": 1, "percent_covered": 100.0, "percent_covered_display": "100", "missing_lines": 0, "excluded_lines": 0, "percent_statements_covered": 100.0, "percent_statements_covered_display": "100"}, "missing_lines": [], "excluded_lines": [], "start_line": 167}, "recall_rate": {"executed_lines": [172], "summary": {"covered_lines": 1, "num_statements": 1, "percent_covered": 100.0, "percent_covered_display": "100", "missing_lines": 0, "excluded_lines": 0, "percent_statements_covered": 100.0, "percent_statements_covered_display": "100"}, "missing_lines": [], "excluded_lines": [], "start_line": 171}, "f1_rate": {"executed_lines": [176], "summary": {"covered_lines": 1, "num_statements": 1, "percent_covered": 100.0, "percent_covered_display": "100", "missing_lines": 0, "excluded_lines": 0, "percent_statements_covered": 100.0, "percent_statements_covered_display": "100"}, "missing_lines": [], "excluded_lines": [], "start_line": 175}, "_result_group_key": {"executed_lines": [180], "summary": {"covered_lines": 1, "num_statements": 1, "percent_covered": 100.0, "percent_covered_display": "100", "missing_lines": 0, "excluded_lines": 0, "percent_statements_covered": 100.0, "percent_statements_covered_display": "100"}, "missing_lines": [], "excluded_lines": [], "start_line": 179}, "_group_results_by_fact": {"executed_lines": [190, 191, 192, 193, 194], "summary": {"covered_lines": 5, "num_statements": 5, "percent_covered": 100.0, "percent_covered_display": "100", "missing_lines": 0, "excluded_lines": 0, "percent_statements_covered": 100.0, "percent_statements_covered_display": "100"}, "missing_lines": [], "excluded_lines": [], "start_line": 187}, "_eligible_state_groups": {"executed_lines": [200, 201], "summary": {"covered_lines": 2, "num_statements": 2, "percent_covered": 100.0, "percent_covered_display": "100", "missing_lines": 0, "excluded_lines": 0, "percent_statements_covered": 100.0, "percent_statements_covered_display": "100"}, "missing_lines": [], "excluded_lines": [], "start_line": 197}, "paired_count": {"executed_lines": [209], "summary": {"covered_lines": 1, "num_statements": 1, "percent_covered": 100.0, "percent_covered_display": "100", "missing_lines": 0, "excluded_lines": 0, "percent_statements_covered": 100.0, "percent_statements_covered_display": "100"}, "missing_lines": [], "excluded_lines": [], "start_line": 208}, "parametric_leakage": {"executed_lines": [213, 214, 215, 217, 218, 219, 220, 226], "summary": {"covered_lines": 8, "num_statements": 8, "percent_covered": 100.0, "percent_covered_display": "100", "missing_lines": 0, "excluded_lines": 0, "percent_statements_covered": 100.0, "percent_statements_covered_display": "100"}, "missing_lines": [], "excluded_lines": [], "start_line": 212}, "retrieval_mediated_correctness": {"executed_lines": [230, 231, 232, 234, 235, 236, 237, 239, 244, 250, 252], "summary": {"covered_lines": 11, "num_statements": 11, "percent_covered": 100.0, "percent_covered_display": "100", "missing_lines": 0, "excluded_lines": 0, "percent_statements_covered": 100.0, "percent_statements_covered_display": "100"}, "missing_lines": [], "excluded_lines": [], "start_line": 229}, "trace_has_gold_equivalent": {"executed_lines": [256, 257, 259, 260, 261, 263, 268, 273, 278, 279, 281], "summary": {"covered_lines": 11, "num_statements": 11, "percent_covered": 100.0, "percent_covered_display": "100", "missing_lines": 0, "excluded_lines": 0, "percent_statements_covered": 100.0, "percent_statements_covered_display": "100"}, "missing_lines": [], "excluded_lines": [], "start_line": 255}, "retrieval_artifact_rate": {"executed_lines": [285, 286, 287, 289, 290, 291, 292, 297, 301], "summary": {"covered_lines": 9, "num_statements": 9, "percent_covered": 100.0, "percent_covered_display": "100", "missing_lines": 0, "excluded_lines": 0, "percent_statements_covered": 100.0, "percent_statements_covered_display": "100"}, "missing_lines": [], "excluded_lines": [], "start_line": 284}, "metrics_total": {"executed_lines": [305], "summary": {"covered_lines": 1, "num_statements": 1, "percent_covered": 100.0, "percent_covered_display": "100", "missing_lines": 0, "excluded_lines": 0, "percent_statements_covered": 100.0, "percent_statements_covered_display": "100"}, "missing_lines": [], "excluded_lines": [], "start_line": 304}, "": {"executed_lines": [1, 2, 3, 5, 8, 11, 15, 19, 33, 60, 76, 107, 133, 137, 155, 159, 163, 167, 171, 175, 179, 187, 197, 208, 212, 229, 255, 284, 304], "summary": {"covered_lines": 29, "num_statements": 29, "percent_covered": 100.0, "percent_covered_display": "100", "missing_lines": 0, "excluded_lines": 0, "percent_statements_covered": 100.0, "percent_statements_covered_display": "100"}, "missing_lines": [], "excluded_lines": [], "start_line": 1}}, "classes": {"": {"executed_lines": [1, 2, 3, 5, 8, 11, 12, 15, 16, 19, 24, 33, 38, 39, 41, 42, 44, 45, 47, 48, 49, 51, 55, 57, 60, 61, 62, 73, 76, 81, 82, 84, 85, 87, 88, 90, 91, 93, 94, 95, 97, 98, 100, 101, 102, 104, 107, 112, 117, 133, 134, 137, 141, 142, 144, 145, 146, 151, 152, 155, 156, 159, 160, 163, 164, 167, 168, 171, 172, 175, 176, 179, 180, 187, 190, 191, 192, 193, 194, 197, 200, 201, 208, 209, 212, 213, 214, 215, 217, 218, 219, 220, 226, 229, 230, 231, 232, 234, 235, 236, 237, 239, 244, 250, 252, 255, 256, 257, 259, 260, 261, 263, 268, 273, 278, 279, 281, 284, 285, 286, 287, 289, 290, 291, 292, 297, 301, 304, 305], "summary": {"covered_lines": 129, "num_statements": 130, "percent_covered": 99.23076923076923, "percent_covered_display": "99", "missing_lines": 1, "excluded_lines": 0, "percent_statements_covered": 99.23076923076923, "percent_statements_covered_display": "99"}, "missing_lines": [50], "excluded_lines": [], "start_line": 1}}}, "src/lmlm-audit/model_loader.py": {"executed_lines": [1, 2, 3, 5, 6, 7, 10, 11, 12, 13, 14, 15, 18, 19, 20, 22, 23, 24, 25, 27, 30, 36, 37, 38, 39, 40, 45, 46, 48, 49, 51, 52, 53, 55, 56, 57, 60, 68, 69, 71], "summary": {"covered_lines": 40, "num_statements": 41, "percent_covered": 97.5609756097561, "percent_covered_display": "98", "missing_lines": 1, "excluded_lines": 0, "percent_statements_covered": 97.5609756097561, "percent_statements_covered_display": "98"}, "missing_lines": [58], "excluded_lines": [], "functions": {"_get_best_device": {"executed_lines": [11, 12, 13, 14, 15], "summary": {"covered_lines": 5, "num_statements": 5, "percent_covered": 100.0, "percent_covered_display": "100", "missing_lines": 0, "excluded_lines": 0, "percent_statements_covered": 100.0, "percent_statements_covered_display": "100"}, "missing_lines": [], "excluded_lines": [], "start_line": 10}, "_resolve_database_path": {"executed_lines": [19, 20, 22, 23, 24, 25, 27], "summary": {"covered_lines": 7, "num_statements": 7, "percent_covered": 100.0, "percent_covered_display": "100", "missing_lines": 0, "excluded_lines": 0, "percent_statements_covered": 100.0, "percent_statements_covered_display": "100"}, "missing_lines": [], "excluded_lines": [], "start_line": 18}, "load_model_and_tokenizer": {"executed_lines": [36, 37, 38, 39, 40, 45, 46, 48, 49, 51, 52, 53, 55, 56, 57, 60, 68, 69, 71], "summary": {"covered_lines": 19, "num_statements": 20, "percent_covered": 95.0, "percent_covered_display": "95", "missing_lines": 1, "excluded_lines": 0, "percent_statements_covered": 95.0, "percent_statements_covered_display": "95"}, "missing_lines": [58], "excluded_lines": [], "start_line": 30}, "": {"executed_lines": [1, 2, 3, 5, 6, 7, 10, 18, 30], "summary": {"covered_lines": 9, "num_statements": 9, "percent_covered": 100.0, "percent_covered_display": "100", "missing_lines": 0, "excluded_lines": 0, "percent_statements_covered": 100.0, "percent_statements_covered_display": "100"}, "missing_lines": [], "excluded_lines": [], "start_line": 1}}, "classes": {"": {"executed_lines": [1, 2, 3, 5, 6, 7, 10, 11, 12, 13, 14, 15, 18, 19, 20, 22, 23, 24, 25, 27, 30, 36, 37, 38, 39, 40, 45, 46, 48, 49, 51, 52, 53, 55, 56, 57, 60, 68, 69, 71], "summary": {"covered_lines": 40, "num_statements": 41, "percent_covered": 97.5609756097561, "percent_covered_display": "98", "missing_lines": 1, "excluded_lines": 0, "percent_statements_covered": 97.5609756097561, "percent_statements_covered_display": "98"}, "missing_lines": [58], "excluded_lines": [], "start_line": 1}}}, "src/lmlm-audit/run_audit.py": {"executed_lines": [1, 2, 3, 4, 5, 6, 7, 8, 9, 10, 13, 14, 15, 18, 19, 20, 21, 22, 23, 24, 28, 29, 30, 33, 34, 35, 38, 39, 42, 43, 45, 46, 48, 49, 50, 51, 53, 61, 62, 63, 65, 66, 67, 68, 69, 70, 73, 77, 80, 81, 82, 84, 85, 86, 87, 88, 90, 93, 98, 99, 101, 102, 104, 105, 107, 108, 110, 113, 118, 123, 126, 127, 128, 129, 131, 132, 133, 134, 135, 136, 137, 138, 139, 140, 143, 216, 217, 231, 271, 305, 306, 307, 308, 309, 310, 313, 314, 315, 316, 317, 320, 350, 357, 386, 402, 437, 504, 598], "summary": {"covered_lines": 108, "num_statements": 236, "percent_covered": 45.76271186440678, "percent_covered_display": "46", "missing_lines": 128, "excluded_lines": 0, "percent_statements_covered": 45.76271186440678, "percent_statements_covered_display": "46"}, "missing_lines": [150, 151, 157, 158, 159, 160, 162, 167, 173, 174, 176, 188, 195, 196, 198, 206, 207, 208, 213, 239, 244, 245, 247, 254, 256, 280, 281, 282, 284, 285, 290, 291, 302, 321, 322, 325, 326, 327, 329, 332, 333, 334, 336, 337, 347, 351, 352, 353, 354, 358, 359, 368, 369, 370, 371, 383, 387, 389, 390, 392, 393, 394, 396, 398, 399, 413, 414, 415, 428, 432, 433, 434, 438, 439, 449, 455, 461, 467, 473, 482, 487, 494, 501, 505, 506, 507, 508, 513, 515, 516, 517, 518, 519, 521, 522, 523, 525, 526, 530, 532, 533, 534, 544, 545, 546, 553, 554, 555, 558, 562, 565, 566, 567, 568, 569, 570, 571, 572, 573, 574, 575, 576, 577, 580, 583, 584, 595, 599], "excluded_lines": [], "functions": {"load_prompts": {"executed_lines": [34, 35], "summary": {"covered_lines": 2, "num_statements": 2, "percent_covered": 100.0, "percent_covered_display": "100", "missing_lines": 0, "excluded_lines": 0, "percent_statements_covered": 100.0, "percent_statements_covered_display": "100"}, "missing_lines": [], "excluded_lines": [], "start_line": 33}, "prepare_prompt": {"executed_lines": [39], "summary": {"covered_lines": 1, "num_statements": 1, "percent_covered": 100.0, "percent_covered_display": "100", "missing_lines": 0, "excluded_lines": 0, "percent_statements_covered": 100.0, "percent_statements_covered_display": "100"}, "missing_lines": [], "excluded_lines": [], "start_line": 38}, "clean_answer": {"executed_lines": [43, 45, 46, 48, 49, 50, 51, 53, 61, 62, 63, 65, 66, 67, 68, 69, 70, 73, 77], "summary": {"covered_lines": 19, "num_statements": 19, "percent_covered": 100.0, "percent_covered_display": "100", "missing_lines": 0, "excluded_lines": 0, "percent_statements_covered": 100.0, "percent_statements_covered_display": "100"}, "missing_lines": [], "excluded_lines": [], "start_line": 42}, "extract_lookup_values": {"executed_lines": [81, 82, 84, 85, 86, 87, 88, 90], "summary": {"covered_lines": 8, "num_statements": 8, "percent_covered": 100.0, "percent_covered_display": "100", "missing_lines": 0, "excluded_lines": 0, "percent_statements_covered": 100.0, "percent_statements_covered_display": "100"}, "missing_lines": [], "excluded_lines": [], "start_line": 80}, "choose_answer": {"executed_lines": [98, 99, 101, 102, 104, 105, 107, 108, 110], "summary": {"covered_lines": 9, "num_statements": 9, "percent_covered": 100.0, "percent_covered_display": "100", "missing_lines": 0, "excluded_lines": 0, "percent_statements_covered": 100.0, "percent_statements_covered_display": "100"}, "missing_lines": [], "excluded_lines": [], "start_line": 93}, "compute_generation_budget": {"executed_lines": [118, 123], "summary": {"covered_lines": 2, "num_statements": 2, "percent_covered": 100.0, "percent_covered_display": "100", "missing_lines": 0, "excluded_lines": 0, "percent_statements_covered": 100.0, "percent_statements_covered_display": "100"}, "missing_lines": [], "excluded_lines": [], "start_line": 113}, "retrieve_lookup_value": {"executed_lines": [127, 128, 129, 131, 132, 133, 134, 135, 136, 137, 138, 139, 140], "summary": {"covered_lines": 13, "num_statements": 13, "percent_covered": 100.0, "percent_covered_display": "100", "missing_lines": 0, "excluded_lines": 0, "percent_statements_covered": 100.0, "percent_statements_covered_display": "100"}, "missing_lines": [], "excluded_lines": [], "start_line": 126}, "generate_answer": {"executed_lines": [], "summary": {"covered_lines": 0, "num_statements": 19, "percent_covered": 0.0, "percent_covered_display": "0", "missing_lines": 19, "excluded_lines": 0, "percent_statements_covered": 0.0, "percent_statements_covered_display": "0"}, "missing_lines": [150, 151, 157, 158, 159, 160, 162, 167, 173, 174, 176, 188, 195, 196, 198, 206, 207, 208, 213], "excluded_lines": [], "start_line": 143}, "_default_retrieval_trace": {"executed_lines": [217], "summary": {"covered_lines": 1, "num_statements": 1, "percent_covered": 100.0, "percent_covered_display": "100", "missing_lines": 0, "excluded_lines": 0, "percent_statements_covered": 100.0, "percent_statements_covered_display": "100"}, "missing_lines": [], "excluded_lines": [], "start_line": 216}, "run_prompt_audit": {"executed_lines": [], "summary": {"covered_lines": 0, "num_statements": 6, "percent_covered": 0.0, "percent_covered_display": "0", "missing_lines": 6, "excluded_lines": 0, "percent_statements_covered": 0.0, "percent_statements_covered_display": "0"}, "missing_lines": [239, 244, 245, 247, 254, 256], "excluded_lines": [], "start_line": 231}, "run_audit": {"executed_lines": [], "summary": {"covered_lines": 0, "num_statements": 8, "percent_covered": 0.0, "percent_covered_display": "0", "missing_lines": 8, "excluded_lines": 0, "percent_statements_covered": 0.0, "percent_statements_covered_display": "0"}, "missing_lines": [280, 281, 282, 284, 285, 290, 291, 302], "excluded_lines": [], "start_line": 271}, "save_results": {"executed_lines": [306, 307, 308, 309, 310], "summary": {"covered_lines": 5, "num_statements": 5, "percent_covered": 100.0, "percent_covered_display": "100", "missing_lines": 0, "excluded_lines": 0, "percent_statements_covered": 100.0, "percent_statements_covered_display": "100"}, "missing_lines": [], "excluded_lines": [], "start_line": 305}, "discover_custom_audit_jobs": {"executed_lines": [], "summary": {"covered_lines": 0, "num_statements": 12, "percent_covered": 0.0, "percent_covered_display": "0", "missing_lines": 12, "excluded_lines": 0, "percent_statements_covered": 0.0, "percent_statements_covered_display": "0"}, "missing_lines": [321, 322, 325, 326, 327, 329, 332, 333, 334, 336, 337, 347], "excluded_lines": [], "start_line": 320}, "infer_prompt_paths_for_database": {"executed_lines": [], "summary": {"covered_lines": 0, "num_statements": 4, "percent_covered": 0.0, "percent_covered_display": "0", "missing_lines": 4, "excluded_lines": 0, "percent_statements_covered": 0.0, "percent_statements_covered_display": "0"}, "missing_lines": [351, 352, 353, 354], "excluded_lines": [], "start_line": 350}, "resolve_audit_jobs": {"executed_lines": [], "summary": {"covered_lines": 0, "num_statements": 7, "percent_covered": 0.0, "percent_covered_display": "0", "missing_lines": 7, "excluded_lines": 0, "percent_statements_covered": 0.0, "percent_statements_covered_display": "0"}, "missing_lines": [358, 359, 368, 369, 370, 371, 383], "excluded_lines": [], "start_line": 357}, "setup_wandb": {"executed_lines": [], "summary": {"covered_lines": 0, "num_statements": 9, "percent_covered": 0.0, "percent_covered_display": "0", "missing_lines": 9, "excluded_lines": 0, "percent_statements_covered": 0.0, "percent_statements_covered_display": "0"}, "missing_lines": [387, 389, 390, 392, 393, 394, 396, 398, 399], "excluded_lines": [], "start_line": 386}, "log_metrics_to_wandb": {"executed_lines": [], "summary": {"covered_lines": 0, "num_statements": 7, "percent_covered": 0.0, "percent_covered_display": "0", "missing_lines": 7, "excluded_lines": 0, "percent_statements_covered": 0.0, "percent_statements_covered_display": "0"}, "missing_lines": [413, 414, 415, 428, 432, 433, 434], "excluded_lines": [], "start_line": 402}, "parse_args": {"executed_lines": [], "summary": {"covered_lines": 0, "num_statements": 11, "percent_covered": 0.0, "percent_covered_display": "0", "missing_lines": 11, "excluded_lines": 0, "percent_statements_covered": 0.0, "percent_statements_covered_display": "0"}, "missing_lines": [438, 439, 449, 455, 461, 467, 473, 482, 487, 494, 501], "excluded_lines": [], "start_line": 437}, "main": {"executed_lines": [], "summary": {"covered_lines": 0, "num_statements": 44, "percent_covered": 0.0, "percent_covered_display": "0", "missing_lines": 44, "excluded_lines": 0, "percent_statements_covered": 0.0, "percent_statements_covered_display": "0"}, "missing_lines": [505, 506, 507, 508, 513, 515, 516, 517, 518, 519, 521, 522, 523, 525, 526, 530, 532, 533, 534, 544, 545, 546, 553, 554, 555, 558, 562, 565, 566, 567, 568, 569, 570, 571, 572, 573, 574, 575, 576, 577, 580, 583, 584, 595], "excluded_lines": [], "start_line": 504}, "": {"executed_lines": [1, 2, 3, 4, 5, 6, 7, 8, 9, 10, 13, 14, 15, 18, 19, 20, 21, 22, 23, 24, 28, 29, 30, 33, 38, 42, 80, 93, 113, 126, 143, 216, 231, 271, 305, 313, 314, 315, 316, 317, 320, 350, 357, 386, 402, 437, 504, 598], "summary": {"covered_lines": 48, "num_statements": 49, "percent_covered": 97.95918367346938, "percent_covered_display": "98", "missing_lines": 1, "excluded_lines": 0, "percent_statements_covered": 97.95918367346938, "percent_statements_covered_display": "98"}, "missing_lines": [599], "excluded_lines": [], "start_line": 1}}, "classes": {"AuditJob": {"executed_lines": [], "summary": {"covered_lines": 0, "num_statements": 0, "percent_covered": 100.0, "percent_covered_display": "100", "missing_lines": 0, "excluded_lines": 0, "percent_statements_covered": 100.0, "percent_statements_covered_display": "100"}, "missing_lines": [], "excluded_lines": [], "start_line": 314}, "": {"executed_lines": [1, 2, 3, 4, 5, 6, 7, 8, 9, 10, 13, 14, 15, 18, 19, 20, 21, 22, 23, 24, 28, 29, 30, 33, 34, 35, 38, 39, 42, 43, 45, 46, 48, 49, 50, 51, 53, 61, 62, 63, 65, 66, 67, 68, 69, 70, 73, 77, 80, 81, 82, 84, 85, 86, 87, 88, 90, 93, 98, 99, 101, 102, 104, 105, 107, 108, 110, 113, 118, 123, 126, 127, 128, 129, 131, 132, 133, 134, 135, 136, 137, 138, 139, 140, 143, 216, 217, 231, 271, 305, 306, 307, 308, 309, 310, 313, 314, 315, 316, 317, 320, 350, 357, 386, 402, 437, 504, 598], "summary": {"covered_lines": 108, "num_statements": 236, "percent_covered": 45.76271186440678, "percent_covered_display": "46", "missing_lines": 128, "excluded_lines": 0, "percent_statements_covered": 45.76271186440678, "percent_statements_covered_display": "46"}, "missing_lines": [150, 151, 157, 158, 159, 160, 162, 167, 173, 174, 176, 188, 195, 196, 198, 206, 207, 208, 213, 239, 244, 245, 247, 254, 256, 280, 281, 282, 284, 285, 290, 291, 302, 321, 322, 325, 326, 327, 329, 332, 333, 334, 336, 337, 347, 351, 352, 353, 354, 358, 359, 368, 369, 370, 371, 383, 387, 389, 390, 392, 393, 394, 396, 398, 399, 413, 414, 415, 428, 432, 433, 434, 438, 439, 449, 455, 461, 467, 473, 482, 487, 494, 501, 505, 506, 507, 508, 513, 515, 516, 517, 518, 519, 521, 522, 523, 525, 526, 530, 532, 533, 534, 544, 545, 546, 553, 554, 555, 558, 562, 565, 566, 567, 568, 569, 570, 571, 572, 573, 574, 575, 576, 577, 580, 583, 584, 595, 599], "excluded_lines": [], "start_line": 1}}}}, "totals": {"covered_lines": 438, "num_statements": 572, "percent_covered": 76.57342657342657, "percent_covered_display": "77", "missing_lines": 134, "excluded_lines": 0, "percent_statements_covered": 76.57342657342657, "percent_statements_covered_display": "77"}}